[35m[1mConsolidate compiler generated dependencies of target demo05_test_pub[0m
[ 33%] Built target demo03_talker_stu
[ 66%] Built target demo04_listener_stu
[ 83%] [32mBuilding CXX object CMakeFiles/demo05_test_pub.dir/src/demo05_test_pub.cpp.o[0m
[01m[K/home/jiaxin/ws01_plumbing/src/cpp01_topic/src/demo05_test_pub.cpp:[m[K In constructor â€˜[01m[KTalkerStu::TalkerStu()[m[Kâ€™:
[01m[K/home/jiaxin/ws01_plumbing/src/cpp01_topic/src/demo05_test_pub.cpp:16:30:[m[K [01;31m[Kerror: [m[Kexpected primary-expression before â€˜[01m[K,[m[Kâ€™ token
   16 |     : Node("talker_node_cpp",[01;31m[K,[m[Krclcpp::NodeOptions().allow_undeclared_parameters(true)),
      |                              [01;31m[K^[m[K
gmake[2]: *** [CMakeFiles/demo05_test_pub.dir/build.make:76: CMakeFiles/demo05_test_pub.dir/src/demo05_test_pub.cpp.o] Error 1
gmake[1]: *** [CMakeFiles/Makefile2:193: CMakeFiles/demo05_test_pub.dir/all] Error 2
gmake: *** [Makefile:146: all] Error 2
