[35m[1mConsolidate compiler generated dependencies of target demo05_test_pub[0m
[ 33%] Built target demo04_listener_stu
[ 66%] Built target demo03_talker_stu
[ 83%] [32mBuilding CXX object CMakeFiles/demo05_test_pub.dir/src/demo05_test_pub.cpp.o[0m
[01m[K/home/jiaxin/ws01_plumbing/src/cpp01_topic/src/demo05_test_pub.cpp:[m[K In member function â€˜[01m[Kvoid TalkerStu::on_timer()[m[Kâ€™:
[01m[K/home/jiaxin/ws01_plumbing/src/cpp01_topic/src/demo05_test_pub.cpp:33:39:[m[K [01;31m[Kerror: [m[Kcannot convert â€˜[01m[Krclcpp::Parameter[m[Kâ€™ to â€˜[01m[Kbase_interfaces_demo::msg::Student_<std::allocator<void> >::_height_type[m[Kâ€™ {aka â€˜[01m[Kdouble[m[Kâ€™} in assignment
   33 |       stu.height = [01;31m[Kthis->get_parameter("height")[m[K;;
      |                    [01;31m[K~~~~~~~~~~~~~~~~~~~^~~~~~~~~~[m[K
      |                                       [01;31m[K|[m[K
      |                                       [01;31m[Krclcpp::Parameter[m[K
gmake[2]: *** [CMakeFiles/demo05_test_pub.dir/build.make:76: CMakeFiles/demo05_test_pub.dir/src/demo05_test_pub.cpp.o] Error 1
gmake[1]: *** [CMakeFiles/Makefile2:193: CMakeFiles/demo05_test_pub.dir/all] Error 2
gmake: *** [Makefile:146: all] Error 2
