[0.166s] Invoking command in '/home/jiaxin/ws01_plumbing/build/cpp01_topic': AMENT_PREFIX_PATH=/home/jiaxin/ws01_plumbing/install/base_interfaces_demo:${AMENT_PREFIX_PATH} CMAKE_PREFIX_PATH=/home/jiaxin/ws01_plumbing/install/base_interfaces_demo:/opt/ros/humble LD_LIBRARY_PATH=/home/jiaxin/ws01_plumbing/install/base_interfaces_demo/lib:${LD_LIBRARY_PATH} PYTHONPATH=/home/jiaxin/ws01_plumbing/install/base_interfaces_demo/local/lib/python3.10/dist-packages:${PYTHONPATH} /usr/bin/cmake /home/jiaxin/ws01_plumbing/src/cpp01_topic -DCMAKE_INSTALL_PREFIX=/home/jiaxin/ws01_plumbing/install/cpp01_topic
[0.590s] -- The C compiler identification is GNU 11.2.0
[1.424s] -- The CXX compiler identification is GNU 11.2.0
[1.893s] -- Detecting C compiler ABI info
[2.164s] -- Detecting C compiler ABI info - done
[2.174s] -- Check for working C compiler: /usr/bin/cc - skipped
[2.175s] -- Detecting C compile features
[2.176s] -- Detecting C compile features - done
[2.180s] -- Detecting CXX compiler ABI info
[2.436s] -- Detecting CXX compiler ABI info - done
[2.456s] -- Check for working CXX compiler: /usr/bin/c++ - skipped
[2.456s] -- Detecting CXX compile features
[2.457s] -- Detecting CXX compile features - done
[2.461s] -- Found ament_cmake: 1.3.2 (/opt/ros/humble/share/ament_cmake/cmake)
[2.759s] -- Found Python3: /usr/bin/python3.10 (found version "3.10.6") found components: Interpreter 
[2.894s] -- Found rclcpp: 16.0.1 (/opt/ros/humble/share/rclcpp/cmake)
[3.142s] -- Found rosidl_generator_c: 3.1.3 (/opt/ros/humble/share/rosidl_generator_c/cmake)
[3.151s] -- Found rosidl_adapter: 3.1.3 (/opt/ros/humble/share/rosidl_adapter/cmake)
[3.163s] -- Found rosidl_generator_cpp: 3.1.3 (/opt/ros/humble/share/rosidl_generator_cpp/cmake)
[3.184s] -- Using all available rosidl_typesupport_c: rosidl_typesupport_fastrtps_c;rosidl_typesupport_introspection_c
[3.222s] -- Using all available rosidl_typesupport_cpp: rosidl_typesupport_fastrtps_cpp;rosidl_typesupport_introspection_cpp
[3.376s] -- Found rmw_implementation_cmake: 6.1.0 (/opt/ros/humble/share/rmw_implementation_cmake/cmake)
[3.379s] -- Found rmw_fastrtps_cpp: 6.2.1 (/opt/ros/humble/share/rmw_fastrtps_cpp/cmake)
[5.046s] -- Found OpenSSL: /usr/lib/x86_64-linux-gnu/libcrypto.so (found version "3.0.2")  
[6.950s] -- Found FastRTPS: /opt/ros/humble/include  
[10.423s] -- Using RMW implementation 'rmw_fastrtps_cpp' as default
[10.731s] -- Found base_interfaces_demo: 0.0.0 (/home/jiaxin/ws01_plumbing/install/base_interfaces_demo/share/base_interfaces_demo/cmake)
[10.779s] -- Found ament_lint_auto: 0.12.4 (/opt/ros/humble/share/ament_lint_auto/cmake)
[10.907s] -- Added test 'cppcheck' to perform static code analysis on C / C++ code
[10.908s] -- Configured cppcheck include dirs: 
[10.908s] -- Configured cppcheck exclude dirs and/or files: 
[10.909s] -- Added test 'lint_cmake' to check CMake code style
[10.910s] -- Added test 'uncrustify' to check C / C++ code style
[10.910s] -- Configured uncrustify additional arguments: 
[10.911s] -- Added test 'xmllint' to check XML markup files
[10.914s] -- Configuring done
[10.943s] -- Generating done
[10.946s] -- Build files have been written to: /home/jiaxin/ws01_plumbing/build/cpp01_topic
[10.962s] Invoked command in '/home/jiaxin/ws01_plumbing/build/cpp01_topic' returned '0': AMENT_PREFIX_PATH=/home/jiaxin/ws01_plumbing/install/base_interfaces_demo:${AMENT_PREFIX_PATH} CMAKE_PREFIX_PATH=/home/jiaxin/ws01_plumbing/install/base_interfaces_demo:/opt/ros/humble LD_LIBRARY_PATH=/home/jiaxin/ws01_plumbing/install/base_interfaces_demo/lib:${LD_LIBRARY_PATH} PYTHONPATH=/home/jiaxin/ws01_plumbing/install/base_interfaces_demo/local/lib/python3.10/dist-packages:${PYTHONPATH} /usr/bin/cmake /home/jiaxin/ws01_plumbing/src/cpp01_topic -DCMAKE_INSTALL_PREFIX=/home/jiaxin/ws01_plumbing/install/cpp01_topic
[10.966s] Invoking command in '/home/jiaxin/ws01_plumbing/build/cpp01_topic': AMENT_PREFIX_PATH=/home/jiaxin/ws01_plumbing/install/base_interfaces_demo:${AMENT_PREFIX_PATH} CMAKE_PREFIX_PATH=/home/jiaxin/ws01_plumbing/install/base_interfaces_demo:/opt/ros/humble LD_LIBRARY_PATH=/home/jiaxin/ws01_plumbing/install/base_interfaces_demo/lib:${LD_LIBRARY_PATH} PYTHONPATH=/home/jiaxin/ws01_plumbing/install/base_interfaces_demo/local/lib/python3.10/dist-packages:${PYTHONPATH} /usr/bin/cmake --build /home/jiaxin/ws01_plumbing/build/cpp01_topic -- -j4 -l4
[11.031s] [ 25%] [32mBuilding CXX object CMakeFiles/demo04_listener_stu.dir/src/demo04_listener_stu.cpp.o[0m
[11.032s] [ 50%] [32mBuilding CXX object CMakeFiles/demo03_talker_stu.dir/src/demo03_talker_stu.cpp.o[0m
[11.065s] [ 75%] [32m[1mLinking CXX executable demo04_listener_stu[0m
[11.441s] /usr/bin/ld: /usr/lib/gcc/x86_64-linux-gnu/11/../../../x86_64-linux-gnu/Scrt1.o: in function `_start':
[11.441s] (.text+0x1b): undefined reference to `main'
[11.446s] collect2: error: ld returned 1 exit status
[11.448s] gmake[2]: *** [CMakeFiles/demo04_listener_stu.dir/build.make:167: demo04_listener_stu] Error 1
[11.448s] gmake[1]: *** [CMakeFiles/Makefile2:165: CMakeFiles/demo04_listener_stu.dir/all] Error 2
[11.449s] gmake[1]: *** Waiting for unfinished jobs....
[19.491s] [100%] [32m[1mLinking CXX executable demo03_talker_stu[0m
[19.948s] [100%] Built target demo03_talker_stu
[19.950s] gmake: *** [Makefile:146: all] Error 2
[19.953s] Invoked command in '/home/jiaxin/ws01_plumbing/build/cpp01_topic' returned '2': AMENT_PREFIX_PATH=/home/jiaxin/ws01_plumbing/install/base_interfaces_demo:${AMENT_PREFIX_PATH} CMAKE_PREFIX_PATH=/home/jiaxin/ws01_plumbing/install/base_interfaces_demo:/opt/ros/humble LD_LIBRARY_PATH=/home/jiaxin/ws01_plumbing/install/base_interfaces_demo/lib:${LD_LIBRARY_PATH} PYTHONPATH=/home/jiaxin/ws01_plumbing/install/base_interfaces_demo/local/lib/python3.10/dist-packages:${PYTHONPATH} /usr/bin/cmake --build /home/jiaxin/ws01_plumbing/build/cpp01_topic -- -j4 -l4
