[0.210s] Invoking command in '/home/jiaxin/ws01_plumbing/build/cpp01_topic': CMAKE_PREFIX_PATH=/home/jiaxin/ws01_plumbing/install/base_interfaces_demo:/home/jiaxin/ws01_plumbing/install/cpp04_param:/home/jiaxin/ws01_plumbing/install/cpp01_topic:/opt/ros/humble /usr/bin/cmake --build /home/jiaxin/ws01_plumbing/build/cpp01_topic -- -j4 -l4
[0.419s] [35m[1mConsolidate compiler generated dependencies of target demo05_test_pub[0m
[0.463s] [ 33%] Built target demo04_listener_stu
[0.463s] [ 66%] Built target demo03_talker_stu
[0.475s] [ 83%] [32mBuilding CXX object CMakeFiles/demo05_test_pub.dir/src/demo05_test_pub.cpp.o[0m
[8.109s] [01m[K/home/jiaxin/ws01_plumbing/src/cpp01_topic/src/demo05_test_pub.cpp:[m[K In constructor â€˜[01m[KTalkerStu::TalkerStu()[m[Kâ€™:
[8.110s] [01m[K/home/jiaxin/ws01_plumbing/src/cpp01_topic/src/demo05_test_pub.cpp:16:32:[m[K [01;31m[Kerror: [m[Kexpected identifier before â€˜[01m[K,[m[Kâ€™ token
[8.110s]    16 |     : Node("talker_node_cpp"), [01;31m[K,[m[Krclcpp::NodeOptions().allow_undeclared_parameters(true),
[8.110s]       |                                [01;31m[K^[m[K
[8.111s] [01m[K/home/jiaxin/ws01_plumbing/src/cpp01_topic/src/demo05_test_pub.cpp:16:41:[m[K [01;31m[Kerror: [m[Ktype â€˜[01m[Krclcpp::NodeOptions[m[Kâ€™ is not a direct base of â€˜[01m[KTalkerStu[m[Kâ€™
[8.111s]    16 |     : Node("talker_node_cpp"), ,rclcpp::[01;31m[KNodeOptions[m[K().allow_undeclared_parameters(true),
[8.112s]       |                                         [01;31m[K^~~~~~~~~~~[m[K
[8.112s] [01m[K/home/jiaxin/ws01_plumbing/src/cpp01_topic/src/demo05_test_pub.cpp:16:54:[m[K [01;31m[Kerror: [m[Kexpected â€˜[01m[K{[m[Kâ€™ before â€˜[01m[K.[m[Kâ€™ token
[8.113s]    16 |     : Node("talker_node_cpp"), ,rclcpp::NodeOptions()[01;31m[K.[m[Kallow_undeclared_parameters(true),
[8.113s]       |                                                      [01;31m[K^[m[K
[9.116s] gmake[2]: *** [CMakeFiles/demo05_test_pub.dir/build.make:76: CMakeFiles/demo05_test_pub.dir/src/demo05_test_pub.cpp.o] Error 1
[9.117s] gmake[1]: *** [CMakeFiles/Makefile2:193: CMakeFiles/demo05_test_pub.dir/all] Error 2
[9.117s] gmake: *** [Makefile:146: all] Error 2
[9.121s] Invoked command in '/home/jiaxin/ws01_plumbing/build/cpp01_topic' returned '2': CMAKE_PREFIX_PATH=/home/jiaxin/ws01_plumbing/install/base_interfaces_demo:/home/jiaxin/ws01_plumbing/install/cpp04_param:/home/jiaxin/ws01_plumbing/install/cpp01_topic:/opt/ros/humble /usr/bin/cmake --build /home/jiaxin/ws01_plumbing/build/cpp01_topic -- -j4 -l4
